#
# A fatal error has been detected by the Java Runtime Environment:
#
#  EXCEPTION_ACCESS_VIOLATION (0xc0000005) at pc=0x00007ff8d31c26c4, pid=1052, tid=11496
#
# JRE version: OpenJDK Runtime Environment (24.0.1+9) (build 24.0.1+9-30)
# Java VM: OpenJDK 64-Bit Server VM (24.0.1+9-30, mixed mode, sharing, tiered, compressed oops, compressed class ptrs, g1 gc, windows-amd64)
# Problematic frame:
# C  [libasyncProfiler.dll+0x926c4]
#
# No core dump will be written. Minidumps are not enabled by default on client versions of Windows
#
# JFR recording file will be written. Location: C:\Users\Erfan\IdeaProjects\javafx\hs_err_pid1052.jfr
#
# If you would like to submit a bug report, please visit:
#   https://bugreport.java.com/bugreport/crash.jsp
# The crash happened outside the Java Virtual Machine in native code.
# See problematic frame for where to report the bug.
#

---------------  S U M M A R Y ------------

Command Line: -Djava.library.path=C:\Program Files (x86)\JavaFX\javafx-sdk1.2\lib\desktop;C:\Users\Erfan\Downloads\openjfx-24.0.1_windows-x64_bin-sdk\javafx-sdk-24.0.1\bin -javaagent:C:\Program Files\JetBrains\IntelliJ IDEA 2025.1.2\lib\idea_rt.jar=54631 -agentpath:C:\Users\Erfan\AppData\Local\Temp\idea_libasyncProfiler_dll_temp_folder\libasyncProfiler.dll=start,jfr,event=wall,interval=10ms,jfrsync=profile,cstack=no,file=C:\Users\Erfan\IdeaSnapshots\Main_2025_06_13_162154.jfr,dbghelppath=C:\Users\Erfan\AppData\Local\Temp\idea_dbghelp_dll_temp_folder\dbghelp.dll,log=C:\Users\Erfan\AppData\Local\Temp\Main_2025_06_13_162154.jfr.log.txt,logLevel=DEBUG -Dfile.encoding=UTF-8 -Dsun.stdout.encoding=UTF-8 -Dsun.stderr.encoding=UTF-8 Main --module-path C:\Users\Erfan\Downloads\openjfx-24.0.1_windows-x64_bin-sdk\javafx-sdk-24.0.1\lib --add-modules javafx.controls,javafx.fxml

Host: Intel(R) Core(TM) i3-8100 CPU @ 3.60GHz, 4 cores, 11G,  Windows 11 , 64 bit Build 22621 (10.0.22621.5415)
Time: Fri Jun 13 16:21:55 2025 Bangladesh Standard Time elapsed time: 0.848442 seconds (0d 0h 0m 0s)

---------------  T H R E A D  ---------------

Current thread (0x0000025053dce850):  JavaThread "main"             [_thread_in_native, id=11496, stack(0x000000ebc0800000,0x000000ebc0900000) (1024K)]

Stack: [0x000000ebc0800000,0x000000ebc0900000],  sp=0x000000ebc08feaf0,  free space=1018k
Native frames: (J=compiled Java code, j=interpreted, Vv=VM code, C=native code)
C  [libasyncProfiler.dll+0x926c4]  (no source info available)
C  [libasyncProfiler.dll+0x92b9b]  (no source info available)
C  [libasyncProfiler.dll+0x917f4]  (no source info available)
C  [libasyncProfiler.dll+0x9206a]  (no source info available)
C  [libasyncProfiler.dll+0x8cc21]  (no source info available)
C  [libasyncProfiler.dll+0x7e5e1]  (no source info available)
C  [libasyncProfiler.dll+0x7d2f8]  (no source info available)
C  [libasyncProfiler.dll+0x7d1e0]  (no source info available)
C  [libasyncProfiler.dll+0x832fc]  (no source info available)
V  [jvm.dll+0x5e38de]  (no source info available)
V  [jvm.dll+0x886056]  (no source info available)
V  [jvm.dll+0x495f3e]  (no source info available)
V  [jvm.dll+0x497d11]  (no source info available)
C  [jli.dll+0x52a1]  (no source info available)
C  [ucrtbase.dll+0x29333]  (no source info available)
C  [KERNEL32.DLL+0x1259d]  (no source info available)
C  [ntdll.dll+0x5af78]  (no source info available)


siginfo: EXCEPTION_ACCESS_VIOLATION (0xc0000005), reading address 0xffffffffffffffff


Registers:
RAX=0x0000000000000010, RBX=0x0000000000000000, RCX=0xffffffffffffffff, RDX=0x007ff93788300010
RSP=0x000000ebc08feaf0, RBP=0x0000025041471de0, RSI=0x000000ebc08fec60, RDI=0x0000025041471de0
R8 =0x0000000000000042, R9 =0x000000074ec01ed8, R10=0x00007ff937af9fb0, R11=0x0000000000000002
R12=0x000000ebc08fec60, R13=0x0000025053c0c740, R14=0x0000025053dcec18, R15=0x0000025053dcec18
RIP=0x00007ff8d31c26c4, EFLAGS=0x0000000000010202

XMM[0]=0x0000000000000000 0x0000000000000000
XMM[1]=0x0000000000000000 0x0000000000000000
XMM[2]=0x0000000000000000 0x0000000000000000
XMM[3]=0x0000000000000000 0x0000000000000000
XMM[4]=0x0000000000000000 0x0000000000000000
XMM[5]=0x0000000000000000 0x0000000000000000
XMM[6]=0x0000000000000000 0x0000000000000000
XMM[7]=0x0000000000000000 0x0000000000000000
XMM[8]=0x0000000000000000 0x0000000000000000
XMM[9]=0x0000000000000000 0x0000000000000000
XMM[10]=0x0000000000000000 0x0000000000000000
XMM[11]=0x0000000000000000 0x0000000000000000
XMM[12]=0x0000000000000000 0x0000000000000000
XMM[13]=0x0000000000000000 0x0000000000000000
XMM[14]=0x0000000000000000 0x0000000000000000
XMM[15]=0x0000000000000000 0x0000000000000000
  MXCSR=0x00001fa0


Register to memory mapping:

RAX=0x0000000000000010 is an unknown value
RBX=0x0 is null
RCX=0xffffffffffffffff is an unknown value
RDX=0x007ff93788300010 is an unknown value
RSP=0x000000ebc08feaf0 is pointing into the stack for thread: 0x0000025053dce850
RBP=0x0000025041471de0 points into unknown readable memory: 0x000000074ec01ed8 | d8 1e c0 4e 07 00 00 00
RSI=0x000000ebc08fec60 is pointing into the stack for thread: 0x0000025053dce850
RDI=0x0000025041471de0 points into unknown readable memory: 0x000000074ec01ed8 | d8 1e c0 4e 07 00 00 00
R8 =0x0000000000000042 is an unknown value
R9 =0x000000074ec01ed8 is an oop: java.lang.Thread 
{0x000000074ec01ed8} - klass: 'java/lang/Thread' - flags: 

 - ---- fields (total size 14 words):
 - 'threadLocalRandomProbe' 'I' @12  0 (0x00000000)
 - private volatile 'eetop' 'J' @16  2544027625552 (0x0000025053dce850)
 - private final 'tid' 'J' @24  3 (0x0000000000000003)
 - 'threadLocalRandomSeed' 'J' @32  0 (0x0000000000000000)
 - injected 'jvmti_thread_state' 'J' @40  2544212009200 (0x000002505eda60f0)
 - 'threadLocalRandomSecondarySeed' 'I' @48  0 (0x00000000)
 - injected 'jvmti_VTMS_transition_disable_count' 'I' @52  0 (0x00000000)
 - injected 'jfr_epoch' 'S' @56  0 (0x0000)
 - volatile 'interrupted' 'Z' @58  false (0x00)
 - injected 'jvmti_is_in_VTMS_transition' 'Z' @59  false (0x00)
 - private volatile 'name' 'Ljava/lang/String;' @60  "main"{0x000000074ec01f48} (0xe9d803e9)
 - private volatile 'contextClassLoader' 'Ljava/lang/ClassLoader;' @64  a 'jdk/internal/loader/ClassLoaders$AppClassLoader'{0x000000074ec23490} (0xe9d84692)
 - private final 'holder' 'Ljava/lang/Thread$FieldHolder;' @68  a 'java/lang/Thread$FieldHolder'{0x000000074ec01f88} (0xe9d803f1)
 - 'threadLocals' 'Ljava/lang/ThreadLocal$ThreadLocalMap;' @72  a 'java/lang/ThreadLocal$ThreadLocalMap'{0x000000074ea5e928} (0xe9d4bd25)
 - 'inheritableThreadLocals' 'Ljava/lang/ThreadLocal$ThreadLocalMap;' @76  null (0x00000000)
 - private 'scopedValueBindings' 'Ljava/lang/Object;' @80  a 'java/lang/Class'{0x00000007ffe7c258} = 'java/lang/Thread' (0xfffcf84b)
 - final 'interruptLock' 'Ljava/lang/Object;' @84  a 'java/lang/Object'{0x000000074ec01f78} (0xe9d803ef)
 - private volatile 'parkBlocker' 'Ljava/lang/Object;' @88  null (0x00000000)
 - private 'nioBlocker' 'Lsun/nio/ch/Interruptible;' @92  null (0x00000000)
 - private 'cont' 'Ljdk/internal/vm/Continuation;' @96  null (0x00000000)
 - private volatile 'uncaughtExceptionHandler' 'Ljava/lang/Thread$UncaughtExceptionHandler;' @100  null (0x00000000)
 - private 'container' 'Ljdk/internal/vm/ThreadContainer;' @104  null (0x00000000)
 - private volatile 'headStackableScopes' 'Ljdk/internal/vm/StackableScope;' @108  null (0x00000000)
R10=0x00007ff937af9fb0 jvm.dll
R11=0x0000000000000002 is an unknown value
R12=0x000000ebc08fec60 is pointing into the stack for thread: 0x0000025053dce850
R13=0x0000025053c0c740 points into unknown readable memory: 0x00007ff937a6a510 | 10 a5 a6 37 f9 7f 00 00
R14=0x0000025053dcec18 points into unknown readable memory: 0x00007ff937a617b0 | b0 17 a6 37 f9 7f 00 00
R15=0x0000025053dcec18 points into unknown readable memory: 0x00007ff937a617b0 | b0 17 a6 37 f9 7f 00 00

Top of Stack: (sp=0x000000ebc08feaf0)
0x000000ebc08feaf0:   000000ebc08fec60 0000025041471de0   `.........GAP...
0x000000ebc08feb00:   0000000000000000 0000025053b44e00   .........N.SP...
0x000000ebc08feb10:   0000000000000019 00007ff8d31c2b9b   .........+......
0x000000ebc08feb20:   0000000000000000 0000025053dcec18   ...........SP...
0x000000ebc08feb30:   000000ebc08fec01 0000000000000000   ................
0x000000ebc08feb40:   000002504178bd60 00007ff8d31c17f4   `.xAP...........
0x000000ebc08feb50:   0000000000000000 0000000000000019   ................
0x000000ebc08feb60:   0000000000000000 0000000000000019   ................
0x000000ebc08feb70:   0000000941d3f040 0000025041812b30   @..A....0+.AP...
0x000000ebc08feb80:   000002504178bd60 000002504178bdc4   `.xAP.....xAP...
0x000000ebc08feb90:   000002504178bdd0 0000000000000df8   ..xAP...........
0x000000ebc08feba0:   0000000000000000 0000000000000000   ................
0x000000ebc08febb0:   0000000000000000 00007ff9372c57d4   .........W,7....
0x000000ebc08febc0:   00007ff8d3304ca0 000000000000041c   .L0.............
0x000000ebc08febd0:   00007ff8d3304ca0 00000000ffffffff   .L0.............
0x000000ebc08febe0:   0000000000000000 00007ff8d31c206a   ........j ......
0x000000ebc08febf0:   0000025053dcec18 0000000000000000   ...SP...........
0x000000ebc08fec00:   000000ebc08fec69 0000025053c0c740   i.......@..SP...
0x000000ebc08fec10:   0000025046e7ef40 0000000000000000   @..FP...........
0x000000ebc08fec20:   0000000000000000 00007ff8d32af108   ..........*.....
0x000000ebc08fec30:   0000025053dcec18 00007ff8d3304ca0   ...SP....L0.....
0x000000ebc08fec40:   0000000000100000 0000000000001000   ................
0x000000ebc08fec50:   000000ebc08fedf8 0000025053dcec18   ...........SP...
0x000000ebc08fec60:   0000025041612540 0000025041612860   @%aAP...`(aAP...
0x000000ebc08fec70:   0000025041612860 00007ff8d3304ca0   `(aAP....L0.....
0x000000ebc08fec80:   0000025046e80bf0 0000025053b10000   ...FP......SP...
0x000000ebc08fec90:   000000ebc08fef30 0000000000008840   0.......@.......
0x000000ebc08feca0:   00007ff8d32f7080 00007ff8d3304cf0   .p/......L0.....
0x000000ebc08fecb0:   0000000000989680 0000000000989680   ................
0x000000ebc08fecc0:   000000ebc08fedd0 00007ff8d31bcc21   ........!.......
0x000000ebc08fecd0:   00007ff8d3304ca0 00007ff8d3304cf8   .L0......L0.....
0x000000ebc08fece0:   00007ff800000000 00007ff800000001   ................

Instructions: (pc=0x00007ff8d31c26c4)
  0x00007ff8d31c25c4:   cc cc cc cc cc cc cc cc cc cc cc cc cc cc cc cc
  0x00007ff8d31c25d4:   cc cc cc cc cc cc cc cc cc cc cc cc cc cc cc cc
  0x00007ff8d31c25e4:   cc cc cc cc cc cc cc cc cc cc cc cc cc cc cc cc
  0x00007ff8d31c25f4:   cc cc cc cc cc cc cc cc cc cc cc cc cc cc cc cc
  0x00007ff8d31c2604:   cc cc cc cc cc cc cc cc cc cc cc cc cc cc cc cc
  0x00007ff8d31c2614:   cc cc cc cc cc cc cc cc cc cc cc cc cc cc cc cc
  0x00007ff8d31c2624:   cc cc cc cc cc cc cc cc cc cc cc cc cc cc cc cc
  0x00007ff8d31c2634:   cc cc cc cc cc cc cc cc cc cc cc cc cc cc cc cc
  0x00007ff8d31c2644:   cc cc cc cc cc cc cc cc cc cc cc cc 40 57 48 83
  0x00007ff8d31c2654:   ec 20 48 8b f9 48 8b 0d 10 28 14 00 48 85 c9 74
  0x00007ff8d31c2664:   20 48 8b 01 48 8d 54 24 38 41 b8 06 00 01 00 4c
  0x00007ff8d31c2674:   8b 48 30 41 ff d1 85 c0 75 07 48 8b 4c 24 38 eb
  0x00007ff8d31c2684:   02 33 c9 4c 8b 05 ea 28 14 00 48 89 5c 24 30 4d
  0x00007ff8d31c2694:   85 c0 74 4a 48 8b 01 48 8b d7 4c 8b 88 28 03 00
  0x00007ff8d31c26a4:   00 41 ff d1 48 85 c0 74 35 48 63 0d f8 e6 13 00
  0x00007ff8d31c26b4:   48 8b 14 01 48 85 d2 74 15 48 63 05 fc e6 13 00
=>0x00007ff8d31c26c4:   8b 04 10 48 8b 5c 24 30 48 83 c4 20 5f c3 b8 ff
  0x00007ff8d31c26d4:   ff ff ff 48 8b 5c 24 30 48 83 c4 20 5f c3 80 3d
  0x00007ff8d31c26e4:   9b 27 14 00 00 bb ff ff ff ff 74 20 4c 8b 0d 31
  0x00007ff8d31c26f4:   24 14 00 4c 8d 44 24 38 48 8b 0d 15 24 14 00 48
  0x00007ff8d31c2704:   8b d7 41 ff d1 85 c0 0f 44 5c 24 38 8b c3 48 8b
  0x00007ff8d31c2714:   5c 24 30 48 83 c4 20 5f c3 cc cc cc cc cc cc cc
  0x00007ff8d31c2724:   cc cc cc cc cc cc cc cc cc cc cc cc cc cc cc cc
  0x00007ff8d31c2734:   cc cc cc cc cc cc cc cc cc cc cc cc cc cc cc cc
  0x00007ff8d31c2744:   cc cc cc cc cc cc cc cc cc cc cc cc 48 89 54 24
  0x00007ff8d31c2754:   10 53 55 56 57 41 56 41 57 48 83 ec 28 48 8b f2
  0x00007ff8d31c2764:   4c 8b f1 48 89 4c 24 78 45 33 ff 44 89 7c 24 68
  0x00007ff8d31c2774:   c7 44 24 60 01 00 00 00 48 8d 4c 24 68 e8 ed 42
  0x00007ff8d31c2784:   f7 ff 8b d8 48 8d 4c 24 60 e8 e1 42 f7 ff 8b e8
  0x00007ff8d31c2794:   49 8b ce e8 00 fc f6 ff 48 8b f8 90 8b c3 f0 0f
  0x00007ff8d31c27a4:   b1 2f 74 04 f3 90 eb f4 4c 89 3e 4c 89 7e 08 4c
  0x00007ff8d31c27b4:   89 7e 10 49 8b 6e 08 4d 8b 76 10 49 3b ee 0f 84


Stack slot to memory mapping:

stack at sp + 0 slots: 0x000000ebc08fec60 is pointing into the stack for thread: 0x0000025053dce850
stack at sp + 1 slots: 0x0000025041471de0 points into unknown readable memory: 0x000000074ec01ed8 | d8 1e c0 4e 07 00 00 00
stack at sp + 2 slots: 0x0 is null
stack at sp + 3 slots: 0x0000025053b44e00 points into unknown readable memory: 0x6e616c2e6176616a | 6a 61 76 61 2e 6c 61 6e
stack at sp + 4 slots: 0x0000000000000019 is an unknown value
stack at sp + 5 slots: 0x00007ff8d31c2b9b libasyncProfiler.dll
stack at sp + 6 slots: 0x0 is null
stack at sp + 7 slots: 0x0000025053dcec18 points into unknown readable memory: 0x00007ff937a617b0 | b0 17 a6 37 f9 7f 00 00

Lock stack of current Java thread (top to bottom):


---------------  P R O C E S S  ---------------

Threads class SMR info:
_java_thread_list=0x0000025041824a30, length=14, elements={
0x0000025053dce850, 0x000002505edc5080, 0x000002505edce170, 0x00000250410dfce0,
0x00000250410e10e0, 0x00000250410e3260, 0x00000250410e7300, 0x00000250410f3f10,
0x00000250410fa240, 0x00000250410f8b90, 0x00000250410e9040, 0x00000250410e9ee0,
0x00000250410e6bb0, 0x00000250410e7a50
}

Java Threads: ( => current thread )
=>0x0000025053dce850 JavaThread "main"                              [_thread_in_native, id=11496, stack(0x000000ebc0800000,0x000000ebc0900000) (1024K)]
  0x000002505edc5080 JavaThread "Reference Handler"          daemon [_thread_blocked, id=11972, stack(0x000000ebc1000000,0x000000ebc1100000) (1024K)]
  0x000002505edce170 JavaThread "Finalizer"                  daemon [_thread_blocked, id=12512, stack(0x000000ebc1100000,0x000000ebc1200000) (1024K)]
  0x00000250410dfce0 JavaThread "Signal Dispatcher"          daemon [_thread_blocked, id=12568, stack(0x000000ebc1200000,0x000000ebc1300000) (1024K)]
  0x00000250410e10e0 JavaThread "Attach Listener"            daemon [_thread_blocked, id=9664, stack(0x000000ebc1300000,0x000000ebc1400000) (1024K)]
  0x00000250410e3260 JavaThread "Service Thread"             daemon [_thread_blocked, id=12332, stack(0x000000ebc1400000,0x000000ebc1500000) (1024K)]
  0x00000250410e7300 JavaThread "Monitor Deflation Thread"   daemon [_thread_blocked, id=10276, stack(0x000000ebc1500000,0x000000ebc1600000) (1024K)]
  0x00000250410f3f10 JavaThread "C2 CompilerThread0"         daemon [_thread_blocked, id=6856, stack(0x000000ebc1600000,0x000000ebc1700000) (1024K)]
  0x00000250410fa240 JavaThread "C1 CompilerThread0"         daemon [_thread_blocked, id=5904, stack(0x000000ebc1700000,0x000000ebc1800000) (1024K)]
  0x00000250410f8b90 JavaThread "C2 CompilerThread1"         daemon [_thread_blocked, id=6184, stack(0x000000ebc1800000,0x000000ebc1900000) (1024K)]
  0x00000250410e9040 JavaThread "Common-Cleaner"             daemon [_thread_blocked, id=13308, stack(0x000000ebc1900000,0x000000ebc1a00000) (1024K)]
  0x00000250410e9ee0 JavaThread "Monitor Ctrl-Break"         daemon [_thread_in_native, id=13020, stack(0x000000ebc1a00000,0x000000ebc1b00000) (1024K)]
  0x00000250410e6bb0 JavaThread "JFR Recorder Thread"        daemon [_thread_in_native, id=12584, stack(0x000000ebc1b00000,0x000000ebc1c00000) (1024K)]
  0x00000250410e7a50 JavaThread "JFR Periodic Tasks"         daemon [_thread_blocked, id=3576, stack(0x000000ebc1c00000,0x000000ebc1d00000) (1024K)]
Total: 14

Other Threads:
  0x000002505edb4f20 VMThread "VM Thread"                           [id=4216, stack(0x000000ebc0f00000,0x000000ebc1000000) (1024K)]
  0x000002505eda59b0 WatcherThread "VM Periodic Task Thread"        [id=5884, stack(0x000000ebc0e00000,0x000000ebc0f00000) (1024K)]
  0x000002505ec96760 WorkerThread "GC Thread#0"                     [id=3288, stack(0x000000ebc0900000,0x000000ebc0a00000) (1024K)]
  0x000002505eca6830 ConcurrentGCThread "G1 Main Marker"            [id=7792, stack(0x000000ebc0a00000,0x000000ebc0b00000) (1024K)]
  0x000002505eca7eb0 WorkerThread "G1 Conc#0"                       [id=5952, stack(0x000000ebc0b00000,0x000000ebc0c00000) (1024K)]
  0x000002505ed515d0 ConcurrentGCThread "G1 Refine#0"               [id=3532, stack(0x000000ebc0c00000,0x000000ebc0d00000) (1024K)]
  0x000002505ed52150 ConcurrentGCThread "G1 Service"                [id=5664, stack(0x000000ebc0d00000,0x000000ebc0e00000) (1024K)]
Total: 7

Threads with active compile tasks:
Total: 0

VM state: not at safepoint (normal execution)

VM Mutex/Monitor currently owned by a thread: None

Heap address: 0x0000000743000000, size: 3024 MB, Compressed Oops mode: Zero based, Oop shift amount: 3

CDS archive(s) mapped at: [0x0000025000000000-0x0000025000d40000-0x0000025000d40000), size 13893632, SharedBaseAddress: 0x0000025000000000, ArchiveRelocationMode: 1.
Compressed class space mapped at: 0x0000025001000000-0x0000025041000000, reserved size: 1073741824
UseCompressedClassPointers 1, UseCompactObjectHeaders 0
Narrow klass pointer bits 32, Max shift 3
Narrow klass base: 0x0000025000000000, Narrow klass shift: 0
Encoding Range: [0x0000025000000000 - 0x0000025100000000), (4294967296 bytes)
Klass Range:    [0x0000025000000000 - 0x0000025041000000), (1090519040 bytes)
Klass ID Range:  [8 - 1090519033) (1090519025)

GC Precious Log:
 CardTable entry size: 512
 Card Set container configuration: InlinePtr #cards 4 size 8 Array Of Cards #cards 16 size 48 Howl #buckets 8 coarsen threshold 3686 Howl Bitmap #cards 512 size 80 coarsen threshold 460 Card regions per heap region 1 cards per card region 4096
 CPUs: 4 total, 4 available
 Memory: 12095M
 Large Page Support: Disabled
 NUMA Support: Disabled
 Compressed Oops: Enabled (Zero based)
 Heap Region Size: 2M
 Heap Min Capacity: 8M
 Heap Initial Capacity: 190M
 Heap Max Capacity: 3024M
 Pre-touch: Disabled
 Parallel Workers: 4
 Concurrent Workers: 1
 Concurrent Refinement Workers: 4
 Periodic GC: Disabled

Heap:
 garbage-first heap   total reserved 3096576K, committed 196608K, used 19568K [0x0000000743000000, 0x0000000800000000)
  region size 2048K, 10 young (20480K), 0 survivors (0K)
 Metaspace       used 3436K, committed 3648K, reserved 1114112K
  class space    used 302K, committed 384K, reserved 1048576K

Heap Regions: E=young(eden), S=young(survivor), O=old, HS=humongous(starts), HC=humongous(continues), CS=collection set, F=free, TAMS=top-at-mark-start, PB=parsable bottom
|   0|0x0000000743000000, 0x0000000743000000, 0x0000000743200000|  0%| F|  |TAMS 0x0000000743000000| PB 0x0000000743000000| Untracked |  0
|   1|0x0000000743200000, 0x0000000743200000, 0x0000000743400000|  0%| F|  |TAMS 0x0000000743200000| PB 0x0000000743200000| Untracked |  0
|   2|0x0000000743400000, 0x0000000743400000, 0x0000000743600000|  0%| F|  |TAMS 0x0000000743400000| PB 0x0000000743400000| Untracked |  0
|   3|0x0000000743600000, 0x0000000743600000, 0x0000000743800000|  0%| F|  |TAMS 0x0000000743600000| PB 0x0000000743600000| Untracked |  0
|   4|0x0000000743800000, 0x0000000743800000, 0x0000000743a00000|  0%| F|  |TAMS 0x0000000743800000| PB 0x0000000743800000| Untracked |  0
|   5|0x0000000743a00000, 0x0000000743a00000, 0x0000000743c00000|  0%| F|  |TAMS 0x0000000743a00000| PB 0x0000000743a00000| Untracked |  0
|   6|0x0000000743c00000, 0x0000000743c00000, 0x0000000743e00000|  0%| F|  |TAMS 0x0000000743c00000| PB 0x0000000743c00000| Untracked |  0
|   7|0x0000000743e00000, 0x0000000743e00000, 0x0000000744000000|  0%| F|  |TAMS 0x0000000743e00000| PB 0x0000000743e00000| Untracked |  0
|   8|0x0000000744000000, 0x0000000744000000, 0x0000000744200000|  0%| F|  |TAMS 0x0000000744000000| PB 0x0000000744000000| Untracked |  0
|   9|0x0000000744200000, 0x0000000744200000, 0x0000000744400000|  0%| F|  |TAMS 0x0000000744200000| PB 0x0000000744200000| Untracked |  0
|  10|0x0000000744400000, 0x0000000744400000, 0x0000000744600000|  0%| F|  |TAMS 0x0000000744400000| PB 0x0000000744400000| Untracked |  0
|  11|0x0000000744600000, 0x0000000744600000, 0x0000000744800000|  0%| F|  |TAMS 0x0000000744600000| PB 0x0000000744600000| Untracked |  0
|  12|0x0000000744800000, 0x0000000744800000, 0x0000000744a00000|  0%| F|  |TAMS 0x0000000744800000| PB 0x0000000744800000| Untracked |  0
|  13|0x0000000744a00000, 0x0000000744a00000, 0x0000000744c00000|  0%| F|  |TAMS 0x0000000744a00000| PB 0x0000000744a00000| Untracked |  0
|  14|0x0000000744c00000, 0x0000000744c00000, 0x0000000744e00000|  0%| F|  |TAMS 0x0000000744c00000| PB 0x0000000744c00000| Untracked |  0
|  15|0x0000000744e00000, 0x0000000744e00000, 0x0000000745000000|  0%| F|  |TAMS 0x0000000744e00000| PB 0x0000000744e00000| Untracked |  0
|  16|0x0000000745000000, 0x0000000745000000, 0x0000000745200000|  0%| F|  |TAMS 0x0000000745000000| PB 0x0000000745000000| Untracked |  0
|  17|0x0000000745200000, 0x0000000745200000, 0x0000000745400000|  0%| F|  |TAMS 0x0000000745200000| PB 0x0000000745200000| Untracked |  0
|  18|0x0000000745400000, 0x0000000745400000, 0x0000000745600000|  0%| F|  |TAMS 0x0000000745400000| PB 0x0000000745400000| Untracked |  0
|  19|0x0000000745600000, 0x0000000745600000, 0x0000000745800000|  0%| F|  |TAMS 0x0000000745600000| PB 0x0000000745600000| Untracked |  0
|  20|0x0000000745800000, 0x0000000745800000, 0x0000000745a00000|  0%| F|  |TAMS 0x0000000745800000| PB 0x0000000745800000| Untracked |  0
|  21|0x0000000745a00000, 0x0000000745a00000, 0x0000000745c00000|  0%| F|  |TAMS 0x0000000745a00000| PB 0x0000000745a00000| Untracked |  0
|  22|0x0000000745c00000, 0x0000000745c00000, 0x0000000745e00000|  0%| F|  |TAMS 0x0000000745c00000| PB 0x0000000745c00000| Untracked |  0
|  23|0x0000000745e00000, 0x0000000745e00000, 0x0000000746000000|  0%| F|  |TAMS 0x0000000745e00000| PB 0x0000000745e00000| Untracked |  0
|  24|0x0000000746000000, 0x0000000746000000, 0x0000000746200000|  0%| F|  |TAMS 0x0000000746000000| PB 0x0000000746000000| Untracked |  0
|  25|0x0000000746200000, 0x0000000746200000, 0x0000000746400000|  0%| F|  |TAMS 0x0000000746200000| PB 0x0000000746200000| Untracked |  0
|  26|0x0000000746400000, 0x0000000746400000, 0x0000000746600000|  0%| F|  |TAMS 0x0000000746400000| PB 0x0000000746400000| Untracked |  0
|  27|0x0000000746600000, 0x0000000746600000, 0x0000000746800000|  0%| F|  |TAMS 0x0000000746600000| PB 0x0000000746600000| Untracked |  0
|  28|0x0000000746800000, 0x0000000746800000, 0x0000000746a00000|  0%| F|  |TAMS 0x0000000746800000| PB 0x0000000746800000| Untracked |  0
|  29|0x0000000746a00000, 0x0000000746a00000, 0x0000000746c00000|  0%| F|  |TAMS 0x0000000746a00000| PB 0x0000000746a00000| Untracked |  0
|  30|0x0000000746c00000, 0x0000000746c00000, 0x0000000746e00000|  0%| F|  |TAMS 0x0000000746c00000| PB 0x0000000746c00000| Untracked |  0
|  31|0x0000000746e00000, 0x0000000746e00000, 0x0000000747000000|  0%| F|  |TAMS 0x0000000746e00000| PB 0x0000000746e00000| Untracked |  0
|  32|0x0000000747000000, 0x0000000747000000, 0x0000000747200000|  0%| F|  |TAMS 0x0000000747000000| PB 0x0000000747000000| Untracked |  0
|  33|0x0000000747200000, 0x0000000747200000, 0x0000000747400000|  0%| F|  |TAMS 0x0000000747200000| PB 0x0000000747200000| Untracked |  0
|  34|0x0000000747400000, 0x0000000747400000, 0x0000000747600000|  0%| F|  |TAMS 0x0000000747400000| PB 0x0000000747400000| Untracked |  0
|  35|0x0000000747600000, 0x0000000747600000, 0x0000000747800000|  0%| F|  |TAMS 0x0000000747600000| PB 0x0000000747600000| Untracked |  0
|  36|0x0000000747800000, 0x0000000747800000, 0x0000000747a00000|  0%| F|  |TAMS 0x0000000747800000| PB 0x0000000747800000| Untracked |  0
|  37|0x0000000747a00000, 0x0000000747a00000, 0x0000000747c00000|  0%| F|  |TAMS 0x0000000747a00000| PB 0x0000000747a00000| Untracked |  0
|  38|0x0000000747c00000, 0x0000000747c00000, 0x0000000747e00000|  0%| F|  |TAMS 0x0000000747c00000| PB 0x0000000747c00000| Untracked |  0
|  39|0x0000000747e00000, 0x0000000747e00000, 0x0000000748000000|  0%| F|  |TAMS 0x0000000747e00000| PB 0x0000000747e00000| Untracked |  0
|  40|0x0000000748000000, 0x0000000748000000, 0x0000000748200000|  0%| F|  |TAMS 0x0000000748000000| PB 0x0000000748000000| Untracked |  0
|  41|0x0000000748200000, 0x0000000748200000, 0x0000000748400000|  0%| F|  |TAMS 0x0000000748200000| PB 0x0000000748200000| Untracked |  0
|  42|0x0000000748400000, 0x0000000748400000, 0x0000000748600000|  0%| F|  |TAMS 0x0000000748400000| PB 0x0000000748400000| Untracked |  0
|  43|0x0000000748600000, 0x0000000748600000, 0x0000000748800000|  0%| F|  |TAMS 0x0000000748600000| PB 0x0000000748600000| Untracked |  0
|  44|0x0000000748800000, 0x0000000748800000, 0x0000000748a00000|  0%| F|  |TAMS 0x0000000748800000| PB 0x0000000748800000| Untracked |  0
|  45|0x0000000748a00000, 0x0000000748a00000, 0x0000000748c00000|  0%| F|  |TAMS 0x0000000748a00000| PB 0x0000000748a00000| Untracked |  0
|  46|0x0000000748c00000, 0x0000000748c00000, 0x0000000748e00000|  0%| F|  |TAMS 0x0000000748c00000| PB 0x0000000748c00000| Untracked |  0
|  47|0x0000000748e00000, 0x0000000748e00000, 0x0000000749000000|  0%| F|  |TAMS 0x0000000748e00000| PB 0x0000000748e00000| Untracked |  0
|  48|0x0000000749000000, 0x0000000749000000, 0x0000000749200000|  0%| F|  |TAMS 0x0000000749000000| PB 0x0000000749000000| Untracked |  0
|  49|0x0000000749200000, 0x0000000749200000, 0x0000000749400000|  0%| F|  |TAMS 0x0000000749200000| PB 0x0000000749200000| Untracked |  0
|  50|0x0000000749400000, 0x0000000749400000, 0x0000000749600000|  0%| F|  |TAMS 0x0000000749400000| PB 0x0000000749400000| Untracked |  0
|  51|0x0000000749600000, 0x0000000749600000, 0x0000000749800000|  0%| F|  |TAMS 0x0000000749600000| PB 0x0000000749600000| Untracked |  0
|  52|0x0000000749800000, 0x0000000749800000, 0x0000000749a00000|  0%| F|  |TAMS 0x0000000749800000| PB 0x0000000749800000| Untracked |  0
|  53|0x0000000749a00000, 0x0000000749a00000, 0x0000000749c00000|  0%| F|  |TAMS 0x0000000749a00000| PB 0x0000000749a00000| Untracked |  0
|  54|0x0000000749c00000, 0x0000000749c00000, 0x0000000749e00000|  0%| F|  |TAMS 0x0000000749c00000| PB 0x0000000749c00000| Untracked |  0
|  55|0x0000000749e00000, 0x0000000749e00000, 0x000000074a000000|  0%| F|  |TAMS 0x0000000749e00000| PB 0x0000000749e00000| Untracked |  0
|  56|0x000000074a000000, 0x000000074a000000, 0x000000074a200000|  0%| F|  |TAMS 0x000000074a000000| PB 0x000000074a000000| Untracked |  0
|  57|0x000000074a200000, 0x000000074a200000, 0x000000074a400000|  0%| F|  |TAMS 0x000000074a200000| PB 0x000000074a200000| Untracked |  0
|  58|0x000000074a400000, 0x000000074a400000, 0x000000074a600000|  0%| F|  |TAMS 0x000000074a400000| PB 0x000000074a400000| Untracked |  0
|  59|0x000000074a600000, 0x000000074a600000, 0x000000074a800000|  0%| F|  |TAMS 0x000000074a600000| PB 0x000000074a600000| Untracked |  0
|  60|0x000000074a800000, 0x000000074a800000, 0x000000074aa00000|  0%| F|  |TAMS 0x000000074a800000| PB 0x000000074a800000| Untracked |  0
|  61|0x000000074aa00000, 0x000000074aa00000, 0x000000074ac00000|  0%| F|  |TAMS 0x000000074aa00000| PB 0x000000074aa00000| Untracked |  0
|  62|0x000000074ac00000, 0x000000074ac00000, 0x000000074ae00000|  0%| F|  |TAMS 0x000000074ac00000| PB 0x000000074ac00000| Untracked |  0
|  63|0x000000074ae00000, 0x000000074ae00000, 0x000000074b000000|  0%| F|  |TAMS 0x000000074ae00000| PB 0x000000074ae00000| Untracked |  0
|  64|0x000000074b000000, 0x000000074b000000, 0x000000074b200000|  0%| F|  |TAMS 0x000000074b000000| PB 0x000000074b000000| Untracked |  0
|  65|0x000000074b200000, 0x000000074b200000, 0x000000074b400000|  0%| F|  |TAMS 0x000000074b200000| PB 0x000000074b200000| Untracked |  0
|  66|0x000000074b400000, 0x000000074b400000, 0x000000074b600000|  0%| F|  |TAMS 0x000000074b400000| PB 0x000000074b400000| Untracked |  0
|  67|0x000000074b600000, 0x000000074b600000, 0x000000074b800000|  0%| F|  |TAMS 0x000000074b600000| PB 0x000000074b600000| Untracked |  0
|  68|0x000000074b800000, 0x000000074b800000, 0x000000074ba00000|  0%| F|  |TAMS 0x000000074b800000| PB 0x000000074b800000| Untracked |  0
|  69|0x000000074ba00000, 0x000000074ba00000, 0x000000074bc00000|  0%| F|  |TAMS 0x000000074ba00000| PB 0x000000074ba00000| Untracked |  0
|  70|0x000000074bc00000, 0x000000074bc00000, 0x000000074be00000|  0%| F|  |TAMS 0x000000074bc00000| PB 0x000000074bc00000| Untracked |  0
|  71|0x000000074be00000, 0x000000074be00000, 0x000000074c000000|  0%| F|  |TAMS 0x000000074be00000| PB 0x000000074be00000| Untracked |  0
|  72|0x000000074c000000, 0x000000074c000000, 0x000000074c200000|  0%| F|  |TAMS 0x000000074c000000| PB 0x000000074c000000| Untracked |  0
|  73|0x000000074c200000, 0x000000074c200000, 0x000000074c400000|  0%| F|  |TAMS 0x000000074c200000| PB 0x000000074c200000| Untracked |  0
|  74|0x000000074c400000, 0x000000074c400000, 0x000000074c600000|  0%| F|  |TAMS 0x000000074c400000| PB 0x000000074c400000| Untracked |  0
|  75|0x000000074c600000, 0x000000074c600000, 0x000000074c800000|  0%| F|  |TAMS 0x000000074c600000| PB 0x000000074c600000| Untracked |  0
|  76|0x000000074c800000, 0x000000074c800000, 0x000000074ca00000|  0%| F|  |TAMS 0x000000074c800000| PB 0x000000074c800000| Untracked |  0
|  77|0x000000074ca00000, 0x000000074ca00000, 0x000000074cc00000|  0%| F|  |TAMS 0x000000074ca00000| PB 0x000000074ca00000| Untracked |  0
|  78|0x000000074cc00000, 0x000000074cc00000, 0x000000074ce00000|  0%| F|  |TAMS 0x000000074cc00000| PB 0x000000074cc00000| Untracked |  0
|  79|0x000000074ce00000, 0x000000074ce00000, 0x000000074d000000|  0%| F|  |TAMS 0x000000074ce00000| PB 0x000000074ce00000| Untracked |  0
|  80|0x000000074d000000, 0x000000074d000000, 0x000000074d200000|  0%| F|  |TAMS 0x000000074d000000| PB 0x000000074d000000| Untracked |  0
|  81|0x000000074d200000, 0x000000074d200000, 0x000000074d400000|  0%| F|  |TAMS 0x000000074d200000| PB 0x000000074d200000| Untracked |  0
|  82|0x000000074d400000, 0x000000074d400000, 0x000000074d600000|  0%| F|  |TAMS 0x000000074d400000| PB 0x000000074d400000| Untracked |  0
|  83|0x000000074d600000, 0x000000074d600000, 0x000000074d800000|  0%| F|  |TAMS 0x000000074d600000| PB 0x000000074d600000| Untracked |  0
|  84|0x000000074d800000, 0x000000074d800000, 0x000000074da00000|  0%| F|  |TAMS 0x000000074d800000| PB 0x000000074d800000| Untracked |  0
|  85|0x000000074da00000, 0x000000074da8f5d8, 0x000000074dc00000| 28%| E|  |TAMS 0x000000074da00000| PB 0x000000074da00000| Complete |  0
|  86|0x000000074dc00000, 0x000000074de00000, 0x000000074de00000|100%| E|CS|TAMS 0x000000074dc00000| PB 0x000000074dc00000| Complete |  0
|  87|0x000000074de00000, 0x000000074e000000, 0x000000074e000000|100%| E|CS|TAMS 0x000000074de00000| PB 0x000000074de00000| Complete |  0
|  88|0x000000074e000000, 0x000000074e200000, 0x000000074e200000|100%| E|CS|TAMS 0x000000074e000000| PB 0x000000074e000000| Complete |  0
|  89|0x000000074e200000, 0x000000074e400000, 0x000000074e400000|100%| E|CS|TAMS 0x000000074e200000| PB 0x000000074e200000| Complete |  0
|  90|0x000000074e400000, 0x000000074e600000, 0x000000074e600000|100%| E|CS|TAMS 0x000000074e400000| PB 0x000000074e400000| Complete |  0
|  91|0x000000074e600000, 0x000000074e800000, 0x000000074e800000|100%| E|CS|TAMS 0x000000074e600000| PB 0x000000074e600000| Complete |  0
|  92|0x000000074e800000, 0x000000074ea00000, 0x000000074ea00000|100%| E|CS|TAMS 0x000000074e800000| PB 0x000000074e800000| Complete |  0
|  93|0x000000074ea00000, 0x000000074ec00000, 0x000000074ec00000|100%| E|CS|TAMS 0x000000074ea00000| PB 0x000000074ea00000| Complete |  0
|  94|0x000000074ec00000, 0x000000074ee00000, 0x000000074ee00000|100%| E|CS|TAMS 0x000000074ec00000| PB 0x000000074ec00000| Complete |  0
|1511|0x00000007ffe00000, 0x00000007fff1c288, 0x0000000800000000| 55%| O|  |TAMS 0x00000007ffe00000| PB 0x00000007ffe00000| Untracked |  0

Card table byte_map: [0x000002506e9f0000,0x000002506efe0000] _byte_map_base: 0x000002506afd8000

Marking Bits: (CMBitMap*) 0x000002505ec96e70
 Bits: [0x000002506efe0000, 0x0000025071f20000)

Polling page: 0x0000025053c80000

Metaspace:

Usage:
  Non-class:      3.06 MB used.
      Class:    302.17 KB used.
       Both:      3.36 MB used.

Virtual space:
  Non-class space:       64.00 MB reserved,       3.19 MB (  5%) committed,  1 nodes.
      Class space:        1.00 GB reserved,     384.00 KB ( <1%) committed,  1 nodes.
             Both:        1.06 GB reserved,       3.56 MB ( <1%) committed. 

Chunk freelists:
   Non-Class:  11.93 MB
       Class:  15.59 MB
        Both:  27.51 MB

MaxMetaspaceSize: unlimited
CompressedClassSpaceSize: 1.00 GB
Initial GC threshold: 21.00 MB
Current GC threshold: 21.00 MB
CDS: on
 - commit_granule_bytes: 65536.
 - commit_granule_words: 8192.
 - virtual_space_node_default_size: 8388608.
 - enlarge_chunks_in_place: 1.
UseCompressedClassPointers 1, UseCompactObjectHeaders 0
Narrow klass pointer bits 32, Max shift 3
Narrow klass base: 0x0000025000000000, Narrow klass shift: 0
Encoding Range: [0x0000025000000000 - 0x0000025100000000), (4294967296 bytes)
Klass Range:    [0x0000025000000000 - 0x0000025041000000), (1090519040 bytes)
Klass ID Range:  [8 - 1090519033) (1090519025)


Internal statistics:

num_allocs_failed_limit: 0.
num_arena_births: 68.
num_arena_deaths: 0.
num_vsnodes_births: 2.
num_vsnodes_deaths: 0.
num_space_committed: 57.
num_space_uncommitted: 0.
num_chunks_returned_to_freelist: 0.
num_chunks_taken_from_freelist: 75.
num_chunk_merges: 0.
num_chunk_splits: 52.
num_chunks_enlarged: 31.
num_inconsistent_stats: 0.

CodeHeap 'non-profiled nmethods': size=120064Kb used=426Kb max_used=426Kb free=119637Kb
 bounds [0x0000025066890000, 0x0000025066b00000, 0x000002506ddd0000]
CodeHeap 'profiled nmethods': size=120000Kb used=1720Kb max_used=1720Kb free=118279Kb
 bounds [0x000002505edd0000, 0x000002505f040000, 0x0000025066300000]
CodeHeap 'non-nmethods': size=5696Kb used=1276Kb max_used=1306Kb free=4420Kb
 bounds [0x0000025066300000, 0x0000025066570000, 0x0000025066890000]
CodeCache: size=245760Kb, used=3422Kb, max_used=3452Kb, free=242336Kb
 total_blobs=1709, nmethods=1263, adapters=352, full_count=0
Compilation: enabled, stopped_count=0, restarted_count=0

Compilation events (20 events):
Event: 0.801 Thread 0x00000250410fa240 1256       1       jdk.jfr.internal.EventControl::getNamedControls (5 bytes)
Event: 0.801 Thread 0x00000250410fa240 nmethod 1256 0x00000250668f6688 code [0x00000250668f6780, 0x00000250668f6848]
Event: 0.801 Thread 0x00000250410fa240 1259       3       java.lang.StringLatin1::getChar (9 bytes)
Event: 0.801 Thread 0x00000250410fa240 nmethod 1259 0x000002505ef7bb88 code [0x000002505ef7bca0, 0x000002505ef7bdc0]
Event: 0.801 Thread 0x00000250410fa240 1260   !   3       jdk.jfr.internal.Control::setValue (102 bytes)
Event: 0.802 Thread 0x00000250410fa240 nmethod 1260 0x000002505ef7be88 code [0x000002505ef7c120, 0x000002505ef7d5a0]
Event: 0.802 Thread 0x00000250410fa240 1257       1       jdk.jfr.internal.PlatformEventType::isEnabled (5 bytes)
Event: 0.802 Thread 0x00000250410fa240 nmethod 1257 0x00000250668f6988 code [0x00000250668f6a80, 0x00000250668f6b48]
Event: 0.802 Thread 0x00000250410f3f10 nmethod 1225 0x00000250668f6c88 code [0x00000250668f6f00, 0x00000250668f8e70]
Event: 0.802 Thread 0x00000250410f3f10 1258       4       java.util.HashMap$HashIterator::nextNode (100 bytes)
Event: 0.804 Thread 0x00000250410f8b90 nmethod 1224 0x00000250668f8f88 code [0x00000250668f9160, 0x00000250668f9d08]
Event: 0.804 Thread 0x00000250410f3f10 nmethod 1258 0x00000250668f9d88 code [0x00000250668f9ea0, 0x00000250668fa4c0]
Event: 0.806 Thread 0x00000250410fa240 1261       1       jdk.jfr.internal.periodic.EventTask::getEventType (5 bytes)
Event: 0.806 Thread 0x00000250410fa240 nmethod 1261 0x00000250668fa508 code [0x00000250668fa600, 0x00000250668fa6c8]
Event: 0.806 Thread 0x00000250410fa240 1262       1       jdk.jfr.internal.periodic.PeriodicTask::getPeriod (5 bytes)
Event: 0.806 Thread 0x00000250410fa240 nmethod 1262 0x00000250668fa808 code [0x00000250668fa900, 0x00000250668fa9c8]
Event: 0.806 Thread 0x00000250410fa240 1263       3       java.util.Comparator$$Lambda/0x0000025001073810::compare (10 bytes)
Event: 0.806 Thread 0x00000250410fa240 nmethod 1263 0x000002505ef7d688 code [0x000002505ef7d7e0, 0x000002505ef7dc70]
Event: 0.806 Thread 0x00000250410fa240 1264       3       java.util.Comparator::lambda$comparingLong$6043328a$1 (18 bytes)
Event: 0.806 Thread 0x00000250410fa240 nmethod 1264 0x000002505ef7dd08 code [0x000002505ef7de60, 0x000002505ef7e258]

GC Heap History (0 events):
No events

Dll operation events (9 events):
Event: 0.281 Loaded shared library C:\Users\Erfan\.jdks\openjdk-24.0.1\bin\java.dll
Event: 0.314 Loaded shared library C:\Users\Erfan\.jdks\openjdk-24.0.1\bin\jsvml.dll
Event: 0.370 Loaded shared library C:\Users\Erfan\.jdks\openjdk-24.0.1\bin\zip.dll
Event: 0.373 Loaded shared library C:\Users\Erfan\.jdks\openjdk-24.0.1\bin\instrument.dll
Event: 0.379 Loaded shared library C:\Users\Erfan\.jdks\openjdk-24.0.1\bin\net.dll
Event: 0.384 Loaded shared library C:\Users\Erfan\.jdks\openjdk-24.0.1\bin\nio.dll
Event: 0.387 Loaded shared library C:\Users\Erfan\.jdks\openjdk-24.0.1\bin\zip.dll
Event: 0.486 Loaded shared library C:\Users\Erfan\.jdks\openjdk-24.0.1\bin\extnet.dll
Event: 0.555 Loaded shared library C:\Users\Erfan\.jdks\openjdk-24.0.1\bin\jimage.dll

Deoptimization events (20 events):
Event: 0.763 Thread 0x0000025053dce850 Uncommon trap: trap_request=0xffffffd6 fr.pc=0x00000250668eb854 relative=0x00000000000006f4
Event: 0.763 Thread 0x0000025053dce850 Uncommon trap: reason=array_check action=maybe_recompile pc=0x00000250668eb854 method=jdk.internal.classfile.impl.SplitConstantPool.internalAdd(Ljava/lang/classfile/constantpool/PoolEntry;I)Ljava/lang/classfile/constantpool/PoolEntry; @ 46 c2
Event: 0.763 Thread 0x0000025053dce850 DEOPT PACKING pc=0x00000250668eb854 sp=0x000000ebc08fd320
Event: 0.763 Thread 0x0000025053dce850 DEOPT UNPACKING pc=0x0000025066415c02 sp=0x000000ebc08fd2d0 mode 2
Event: 0.763 Thread 0x0000025053dce850 Uncommon trap: trap_request=0xffffffd6 fr.pc=0x00000250668eb854 relative=0x00000000000006f4
Event: 0.763 Thread 0x0000025053dce850 Uncommon trap: reason=array_check action=maybe_recompile pc=0x00000250668eb854 method=jdk.internal.classfile.impl.SplitConstantPool.internalAdd(Ljava/lang/classfile/constantpool/PoolEntry;I)Ljava/lang/classfile/constantpool/PoolEntry; @ 46 c2
Event: 0.763 Thread 0x0000025053dce850 DEOPT PACKING pc=0x00000250668eb854 sp=0x000000ebc08fd2b0
Event: 0.763 Thread 0x0000025053dce850 DEOPT UNPACKING pc=0x0000025066415c02 sp=0x000000ebc08fd260 mode 2
Event: 0.775 Thread 0x0000025053dce850 Uncommon trap: trap_request=0xffffff4d fr.pc=0x00000250668e5b14 relative=0x00000000000000f4
Event: 0.775 Thread 0x0000025053dce850 Uncommon trap: reason=unstable_if action=reinterpret pc=0x00000250668e5b14 method=java.lang.Long.valueOf(J)Ljava/lang/Long; @ 17 c2
Event: 0.775 Thread 0x0000025053dce850 DEOPT PACKING pc=0x00000250668e5b14 sp=0x000000ebc08fe1e0
Event: 0.775 Thread 0x0000025053dce850 DEOPT UNPACKING pc=0x0000025066415c02 sp=0x000000ebc08fe178 mode 2
Event: 0.787 Thread 0x0000025053dce850 Uncommon trap: trap_request=0xffffff4d fr.pc=0x00000250668f2840 relative=0x0000000000000220
Event: 0.787 Thread 0x0000025053dce850 Uncommon trap: reason=unstable_if action=reinterpret pc=0x00000250668f2840 method=java.io.ByteArrayOutputStream.ensureCapacity(I)V @ 11 c2
Event: 0.787 Thread 0x0000025053dce850 DEOPT PACKING pc=0x00000250668f2840 sp=0x000000ebc08fe1a0
Event: 0.787 Thread 0x0000025053dce850 DEOPT UNPACKING pc=0x0000025066415c02 sp=0x000000ebc08fe0e8 mode 2
Event: 0.790 Thread 0x0000025053dce850 Uncommon trap: trap_request=0xffffff4d fr.pc=0x00000250668f3124 relative=0x0000000000000404
Event: 0.790 Thread 0x0000025053dce850 Uncommon trap: reason=unstable_if action=reinterpret pc=0x00000250668f3124 method=java.io.ByteArrayOutputStream.ensureCapacity(I)V @ 11 c2
Event: 0.790 Thread 0x0000025053dce850 DEOPT PACKING pc=0x00000250668f3124 sp=0x000000ebc08fe110
Event: 0.790 Thread 0x0000025053dce850 DEOPT UNPACKING pc=0x0000025066415c02 sp=0x000000ebc08fe000 mode 2

Classes loaded (20 events):
Event: 0.773 Loading class jdk/jfr/internal/MetadataWriter
Event: 0.774 Loading class jdk/jfr/internal/MetadataWriter done
Event: 0.774 Loading class jdk/jfr/internal/MetadataDescriptor$Element
Event: 0.774 Loading class jdk/jfr/internal/MetadataDescriptor$Element done
Event: 0.775 Loading class jdk/jfr/internal/MetadataDescriptor$Attribute
Event: 0.775 Loading class jdk/jfr/internal/MetadataDescriptor$Attribute done
Event: 0.783 Loading class jdk/jfr/internal/consumer/StringParser$Encoding
Event: 0.784 Loading class jdk/jfr/internal/consumer/StringParser$Encoding done
Event: 0.794 Loading class jdk/jfr/internal/consumer/RepositoryFiles
Event: 0.794 Loading class jdk/jfr/internal/consumer/RepositoryFiles done
Event: 0.796 Loading class jdk/jfr/internal/SettingsManager$InternalSetting
Event: 0.796 Loading class jdk/jfr/internal/SettingsManager$InternalSetting done
Event: 0.800 Loading class jdk/jfr/internal/util/Rate
Event: 0.800 Loading class jdk/jfr/internal/util/Rate done
Event: 0.800 Loading class jdk/jfr/internal/util/TimespanUnit
Event: 0.800 Loading class jdk/jfr/internal/util/TimespanUnit done
Event: 0.800 Loading class jdk/jfr/internal/util/ValueParser
Event: 0.800 Loading class jdk/jfr/internal/util/ValueParser done
Event: 0.801 Loading class jdk/jfr/internal/periodic/PeriodicType
Event: 0.801 Loading class jdk/jfr/internal/periodic/PeriodicType done

Classes unloaded (0 events):
No events

Classes redefined (0 events):
No events

Internal exceptions (19 events):
Event: 0.362 Thread 0x0000025053dce850 Implicit null exception at 0x000002506689bb53 to 0x000002506689bd14
Event: 0.468 Thread 0x0000025053dce850 Exception <a 'java/lang/NoSuchMethodError'{0x000000074e8be8c0}: 'void java.lang.invoke.DirectMethodHandle$Holder.invokeStatic(java.lang.Object, java.lang.Object, java.lang.Object)'> (0x000000074e8be8c0) 
thrown [s\open\src\hotspot\share\interpreter\linkResolver.cpp, line 805]
Event: 0.473 Thread 0x0000025053dce850 Exception <a 'java/lang/NoSuchMethodError'{0x000000074e8f3480}: 'java.lang.Object java.lang.invoke.Invokers$Holder.invokeExact_MT(java.lang.Object, java.lang.Object, java.lang.Object, java.lang.Object, java.lang.Object)'> (0x000000074e8f3480) 
thrown [s\open\src\hotspot\share\interpreter\linkResolver.cpp, line 805]
Event: 0.484 Thread 0x00000250410e9ee0 Exception <a 'java/lang/NoSuchMethodError'{0x000000074e9102f0}: 'java.lang.Object java.lang.invoke.DirectMethodHandle$Holder.invokeStaticInit(java.lang.Object)'> (0x000000074e9102f0) 
thrown [s\open\src\hotspot\share\interpreter\linkResolver.cpp, line 805]
Event: 0.484 Thread 0x0000025053dce850 Exception <a 'java/lang/NoSuchMethodError'{0x000000074e904458}: 'java.lang.Object java.lang.invoke.DirectMethodHandle$Holder.invokeStaticInit(java.lang.Object, java.lang.Object, java.lang.Object)'> (0x000000074e904458) 
thrown [s\open\src\hotspot\share\interpreter\linkResolver.cpp, line 805]
Event: 0.488 Thread 0x00000250410e9ee0 Exception <a 'java/lang/NoSuchMethodError'{0x000000074e91af20}: 'void java.lang.invoke.DirectMethodHandle$Holder.invokeStatic(java.lang.Object, java.lang.Object)'> (0x000000074e91af20) 
thrown [s\open\src\hotspot\share\interpreter\linkResolver.cpp, line 805]
Event: 0.576 Thread 0x0000025053dce850 Exception <a 'java/lang/NoSuchMethodError'{0x000000074e7896d8}: 'void java.lang.invoke.DirectMethodHandle$Holder.invokeStaticInit(java.lang.Object)'> (0x000000074e7896d8) 
thrown [s\open\src\hotspot\share\interpreter\linkResolver.cpp, line 805]
Event: 0.590 Thread 0x0000025053dce850 Exception <a 'java/lang/NoSuchMethodError'{0x000000074e7fb0e8}: 'void java.lang.invoke.DirectMethodHandle$Holder.invokeSpecial(java.lang.Object, java.lang.Object, java.lang.Object)'> (0x000000074e7fb0e8) 
thrown [s\open\src\hotspot\share\interpreter\linkResolver.cpp, line 805]
Event: 0.602 Thread 0x0000025053dce850 Exception <a 'java/lang/NoSuchMethodError'{0x000000074e4637b0}: 'java.lang.Object java.lang.invoke.DirectMethodHandle$Holder.newInvokeSpecial(java.lang.Object, java.lang.Object, java.lang.Object, java.lang.Object, java.lang.Object)'> (0x000000074e4637b0) 
thrown [s\open\src\hotspot\share\interpreter\linkResolver.cpp, line 805]
Event: 0.645 Thread 0x0000025053dce850 Exception <a 'java/lang/NoSuchMethodError'{0x000000074e5fc3a0}: 'long java.lang.invoke.DirectMethodHandle$Holder.invokeVirtual(java.lang.Object, java.lang.Object)'> (0x000000074e5fc3a0) 
thrown [s\open\src\hotspot\share\interpreter\linkResolver.cpp, line 805]
Event: 0.698 Thread 0x0000025053dce850 Exception <a 'java/lang/NoSuchMethodError'{0x000000074e053690}: 'int java.lang.invoke.DirectMethodHandle$Holder.invokeSpecial(java.lang.Object, java.lang.Object, java.lang.Object)'> (0x000000074e053690) 
thrown [s\open\src\hotspot\share\interpreter\linkResolver.cpp, line 805]
Event: 0.748 Thread 0x0000025053dce850 Exception <a 'java/lang/NoSuchMethodError'{0x000000074de19dd8}: 'void java.lang.invoke.DirectMethodHandle$Holder.invokeSpecial(java.lang.Object, java.lang.Object, int)'> (0x000000074de19dd8) 
thrown [s\open\src\hotspot\share\interpreter\linkResolver.cpp, line 805]
Event: 0.749 Thread 0x0000025053dce850 Exception <a 'java/lang/NoSuchMethodError'{0x000000074de219f8}: 'void java.lang.invoke.Invokers$Holder.invokeExact_MT(java.lang.Object, int, java.lang.Object)'> (0x000000074de219f8) 
thrown [s\open\src\hotspot\share\interpreter\linkResolver.cpp, line 805]
Event: 0.751 Thread 0x0000025053dce850 Exception <a 'java/lang/NoSuchMethodError'{0x000000074de3c2a8}: 'void java.lang.invoke.DirectMethodHandle$Holder.invokeStatic(java.lang.Object, java.lang.Object, int)'> (0x000000074de3c2a8) 
thrown [s\open\src\hotspot\share\interpreter\linkResolver.cpp, line 805]
Event: 0.752 Thread 0x0000025053dce850 Exception <a 'java/lang/NoSuchMethodError'{0x000000074de4b398}: 'java.lang.Object java.lang.invoke.DirectMethodHandle$Holder.newInvokeSpecial(java.lang.Object, java.lang.Object, int)'> (0x000000074de4b398) 
thrown [s\open\src\hotspot\share\interpreter\linkResolver.cpp, line 805]
Event: 0.753 Thread 0x00000250410e7a50 Exception <a 'java/lang/NoSuchMethodError'{0x000000074de90900}: 'long java.lang.invoke.DirectMethodHandle$Holder.invokeSpecial(java.lang.Object, java.lang.Object)'> (0x000000074de90900) 
thrown [s\open\src\hotspot\share\interpreter\linkResolver.cpp, line 805]
Event: 0.760 Thread 0x0000025053dce850 Exception <a 'sun/nio/fs/WindowsException'{0x000000074de804a8}> (0x000000074de804a8) 
thrown [s\open\src\hotspot\share\prims\jni.cpp, line 518]
Event: 0.763 Thread 0x0000025053dce850 Exception <a 'sun/nio/fs/WindowsException'{0x000000074de8d360}> (0x000000074de8d360) 
thrown [s\open\src\hotspot\share\prims\jni.cpp, line 518]
Event: 0.769 Thread 0x0000025053dce850 Exception <a 'sun/nio/fs/WindowsException'{0x000000074df2e938}> (0x000000074df2e938) 
thrown [s\open\src\hotspot\share\prims\jni.cpp, line 518]

VM Operations (6 events):
Event: 0.754 Executing VM operation: HandshakeAllThreads (Deoptimize)
Event: 0.754 Executing VM operation: HandshakeAllThreads (Deoptimize) done
Event: 0.757 Executing VM operation: HandshakeAllThreads (Deoptimize)
Event: 0.757 Executing VM operation: HandshakeAllThreads (Deoptimize) done
Event: 0.794 Executing VM operation: JFRSafepointClear
Event: 0.794 Executing VM operation: JFRSafepointClear done

Memory protections (0 events):
No events

Nmethod flushes (0 events):
No events

Events (14 events):
Event: 0.298 Thread 0x0000025053dce850 Thread added: 0x0000025053dce850
Event: 0.310 Thread 0x0000025053dce850 Thread added: 0x000002505edc5080
Event: 0.310 Thread 0x0000025053dce850 Thread added: 0x000002505edce170
Event: 0.311 Thread 0x0000025053dce850 Thread added: 0x00000250410dfce0
Event: 0.311 Thread 0x0000025053dce850 Thread added: 0x00000250410e10e0
Event: 0.311 Thread 0x0000025053dce850 Thread added: 0x00000250410e3260
Event: 0.311 Thread 0x0000025053dce850 Thread added: 0x00000250410e7300
Event: 0.311 Thread 0x0000025053dce850 Thread added: 0x00000250410f3f10
Event: 0.311 Thread 0x0000025053dce850 Thread added: 0x00000250410fa240
Event: 0.364 Thread 0x00000250410fa240 Thread added: 0x00000250410f8b90
Event: 0.377 Thread 0x0000025053dce850 Thread added: 0x00000250410e9040
Event: 0.475 Thread 0x0000025053dce850 Thread added: 0x00000250410e9ee0
Event: 0.573 Thread 0x0000025053dce850 Thread added: 0x00000250410e6bb0
Event: 0.753 Thread 0x0000025053dce850 Thread added: 0x00000250410e7a50


Dynamic libraries:
0x00007ff7ac760000 - 0x00007ff7ac76e000 	C:\Users\Erfan\.jdks\openjdk-24.0.1\bin\java.exe
0x00007ff94c590000 - 0x00007ff94c7a7000 	C:\Windows\SYSTEM32\ntdll.dll
0x00007ff94c040000 - 0x00007ff94c104000 	C:\Windows\System32\KERNEL32.DLL
0x00007ff949d90000 - 0x00007ff94a162000 	C:\Windows\System32\KERNELBASE.dll
0x00007ff949190000 - 0x00007ff949336000 	C:\Windows\system32\hmpalert.dll
0x00007ff949c70000 - 0x00007ff949d81000 	C:\Windows\System32\ucrtbase.dll
0x00007ff945b50000 - 0x00007ff945b66000 	C:\Users\Erfan\.jdks\openjdk-24.0.1\bin\jli.dll
0x00007ff94a220000 - 0x00007ff94a3d1000 	C:\Windows\System32\USER32.dll
0x00007ff949b10000 - 0x00007ff949b36000 	C:\Windows\System32\win32u.dll
0x00007ff94c110000 - 0x00007ff94c139000 	C:\Windows\System32\GDI32.dll
0x00007ff949b40000 - 0x00007ff949c63000 	C:\Windows\System32\gdi32full.dll
0x00007ff945b70000 - 0x00007ff945b8b000 	C:\Users\Erfan\.jdks\openjdk-24.0.1\bin\VCRUNTIME140.dll
0x00007ff9499f0000 - 0x00007ff949a8a000 	C:\Windows\System32\msvcp_win.dll
0x00007ff927600000 - 0x00007ff92789b000 	C:\Windows\WinSxS\amd64_microsoft.windows.common-controls_6595b64144ccf1df_6.0.22621.5415_none_270d77d17387d7da\COMCTL32.dll
0x00007ff94a3f0000 - 0x00007ff94a497000 	C:\Windows\System32\msvcrt.dll
0x00007ff94a4a0000 - 0x00007ff94a4d1000 	C:\Windows\System32\IMM32.DLL
0x00007ff945b40000 - 0x00007ff945b4c000 	C:\Users\Erfan\.jdks\openjdk-24.0.1\bin\vcruntime140_1.dll
0x00007ff940420000 - 0x00007ff9404ae000 	C:\Users\Erfan\.jdks\openjdk-24.0.1\bin\msvcp140.dll
0x00007ff936e30000 - 0x00007ff937bd2000 	C:\Users\Erfan\.jdks\openjdk-24.0.1\bin\server\jvm.dll
0x00007ff94ab10000 - 0x00007ff94abc1000 	C:\Windows\System32\ADVAPI32.dll
0x00007ff94a9e0000 - 0x00007ff94aa88000 	C:\Windows\System32\sechost.dll
0x00007ff94a170000 - 0x00007ff94a198000 	C:\Windows\System32\bcrypt.dll
0x00007ff94c140000 - 0x00007ff94c254000 	C:\Windows\System32\RPCRT4.dll
0x00007ff94ba10000 - 0x00007ff94ba81000 	C:\Windows\System32\WS2_32.dll
0x00007ff949140000 - 0x00007ff94918d000 	C:\Windows\SYSTEM32\POWRPROF.dll
0x00007ff943930000 - 0x00007ff94393a000 	C:\Windows\SYSTEM32\VERSION.dll
0x00007ff9271b0000 - 0x00007ff9271e4000 	C:\Windows\SYSTEM32\WINMM.dll
0x00007ff949120000 - 0x00007ff949133000 	C:\Windows\SYSTEM32\UMPDC.dll
0x00007ff9484c0000 - 0x00007ff9484d8000 	C:\Windows\SYSTEM32\kernel.appcore.dll
0x00007ff945b30000 - 0x00007ff945b3a000 	C:\Users\Erfan\.jdks\openjdk-24.0.1\bin\jimage.dll
0x00007ff936770000 - 0x00007ff9369a3000 	C:\Windows\SYSTEM32\DBGHELP.DLL
0x00007ff94bb50000 - 0x00007ff94bee3000 	C:\Windows\System32\combase.dll
0x00007ff94bf60000 - 0x00007ff94c037000 	C:\Windows\System32\OLEAUT32.dll
0x00007ff936730000 - 0x00007ff936762000 	C:\Windows\SYSTEM32\dbgcore.DLL
0x00007ff949a90000 - 0x00007ff949b0b000 	C:\Windows\System32\bcryptPrimitives.dll
0x00007ff945b20000 - 0x00007ff945b2f000 	C:\Users\Erfan\.jdks\openjdk-24.0.1\bin\instrument.dll
0x00007ff945a40000 - 0x00007ff945a5e000 	C:\Users\Erfan\.jdks\openjdk-24.0.1\bin\java.dll
0x00007ff94a6e0000 - 0x00007ff94a880000 	C:\Windows\System32\ole32.dll
0x00007ff94ace0000 - 0x00007ff94b582000 	C:\Windows\System32\SHELL32.dll
0x00007ff949680000 - 0x00007ff9497bf000 	C:\Windows\System32\wintypes.dll
0x00007ff8d3130000 - 0x00007ff8d3328000 	C:\Users\Erfan\AppData\Local\Temp\idea_libasyncProfiler_dll_temp_folder\libasyncProfiler.dll
0x00007ff9473b0000 - 0x00007ff947cce000 	C:\Windows\SYSTEM32\windows.storage.dll
0x00007ff94abd0000 - 0x00007ff94acdb000 	C:\Windows\System32\SHCORE.dll
0x00007ff94bef0000 - 0x00007ff94bf59000 	C:\Windows\System32\shlwapi.dll
0x00007ff9495b0000 - 0x00007ff9495db000 	C:\Windows\SYSTEM32\profapi.dll
0x00007ff93fc70000 - 0x00007ff93fd47000 	C:\Users\Erfan\.jdks\openjdk-24.0.1\bin\jsvml.dll
0x00007ff940610000 - 0x00007ff940627000 	C:\Users\Erfan\.jdks\openjdk-24.0.1\bin\zip.dll
0x00007ff944c80000 - 0x00007ff944c90000 	C:\Users\Erfan\.jdks\openjdk-24.0.1\bin\net.dll
0x00007ff948930000 - 0x00007ff948999000 	C:\Windows\system32\mswsock.dll
0x00007ff944c60000 - 0x00007ff944c76000 	C:\Users\Erfan\.jdks\openjdk-24.0.1\bin\nio.dll
0x00007ff940600000 - 0x00007ff940609000 	C:\Users\Erfan\.jdks\openjdk-24.0.1\bin\extnet.dll

JVMTI agents:
C:\Program Files\JetBrains\IntelliJ IDEA 2025.1.2\lib\idea_rt.jar path:C:\Users\Erfan\.jdks\openjdk-24.0.1\bin\instrument.dll, loaded, initialized, instrumentlib options:54631
C:\Users\Erfan\AppData\Local\Temp\idea_libasyncProfiler_dll_temp_folder\libasyncProfiler.dll path:C:\Users\Erfan\AppData\Local\Temp\idea_libasyncProfiler_dll_temp_folder\libasyncProfiler.dll, loaded, initialized, options:start,jfr,event=wall,interval=10ms,jfrsync=profile,cstack=no,file=C:\Users\Erfan\IdeaSnapshots\Main_2025_06_13_162154.jfr,dbghelppath=C:\Users\Erfan\AppData\Local\Temp\idea_dbghelp_dll_temp_folder\dbghelp.dll,log=C:\Users\Erfan\AppData\Local\Temp\Main_2025_06_13_162154.jfr.log.txt,logLevel=DEBUG

dbghelp: loaded successfully - version: 4.0.5 - missing functions: none
symbol engine: initialized successfully - sym options: 0x614 - pdb path: .;C:\Users\Erfan\.jdks\openjdk-24.0.1\bin;C:\Windows\SYSTEM32;C:\Windows\WinSxS\amd64_microsoft.windows.common-controls_6595b64144ccf1df_6.0.22621.5415_none_270d77d17387d7da;C:\Users\Erfan\.jdks\openjdk-24.0.1\bin\server;C:\Users\Erfan\AppData\Local\Temp\idea_libasyncProfiler_dll_temp_folder

VM Arguments:
jvm_args: -Djava.library.path=C:\Program Files (x86)\JavaFX\javafx-sdk1.2\lib\desktop;C:\Users\Erfan\Downloads\openjfx-24.0.1_windows-x64_bin-sdk\javafx-sdk-24.0.1\bin -javaagent:C:\Program Files\JetBrains\IntelliJ IDEA 2025.1.2\lib\idea_rt.jar=54631 -agentpath:C:\Users\Erfan\AppData\Local\Temp\idea_libasyncProfiler_dll_temp_folder\libasyncProfiler.dll=start,jfr,event=wall,interval=10ms,jfrsync=profile,cstack=no,file=C:\Users\Erfan\IdeaSnapshots\Main_2025_06_13_162154.jfr,dbghelppath=C:\Users\Erfan\AppData\Local\Temp\idea_dbghelp_dll_temp_folder\dbghelp.dll,log=C:\Users\Erfan\AppData\Local\Temp\Main_2025_06_13_162154.jfr.log.txt,logLevel=DEBUG -Dfile.encoding=UTF-8 -Dsun.stdout.encoding=UTF-8 -Dsun.stderr.encoding=UTF-8 
java_command: Main --module-path C:\Users\Erfan\Downloads\openjfx-24.0.1_windows-x64_bin-sdk\javafx-sdk-24.0.1\lib --add-modules javafx.controls,javafx.fxml
java_class_path (initial): C:\Users\Erfan\IdeaProjects\javafx\out\production\src;C:\Users\Erfan\Downloads\openjfx-24.0.1_windows-x64_bin-sdk\javafx-sdk-24.0.1\lib\javafx-swt.jar;C:\Users\Erfan\Downloads\openjfx-24.0.1_windows-x64_bin-sdk\javafx-sdk-24.0.1\lib\javafx.web.jar;C:\Users\Erfan\Downloads\openjfx-24.0.1_windows-x64_bin-sdk\javafx-sdk-24.0.1\lib\javafx.base.jar;C:\Users\Erfan\Downloads\openjfx-24.0.1_windows-x64_bin-sdk\javafx-sdk-24.0.1\lib\javafx.fxml.jar;C:\Users\Erfan\Downloads\openjfx-24.0.1_windows-x64_bin-sdk\javafx-sdk-24.0.1\lib\javafx.media.jar;C:\Users\Erfan\Downloads\openjfx-24.0.1_windows-x64_bin-sdk\javafx-sdk-24.0.1\lib\javafx.swing.jar;C:\Users\Erfan\Downloads\openjfx-24.0.1_windows-x64_bin-sdk\javafx-sdk-24.0.1\lib\jdk.jsobject.jar;C:\Users\Erfan\Downloads\openjfx-24.0.1_windows-x64_bin-sdk\javafx-sdk-24.0.1\lib\javafx.controls.jar;C:\Users\Erfan\Downloads\openjfx-24.0.1_windows-x64_bin-sdk\javafx-sdk-24.0.1\lib\javafx.graphics.jar;C:\Users\Erfan\Downloads\openjfx-24.0.1_windows-x64_bin-sdk\javafx-sdk-24.0.1\lib\jfx.incubator.input.jar;C:\Users\Erfan\Downloads\openjfx-24.0.1_windows-x64_bin-sdk\javafx-sdk-24.0.1\lib\jfx.incubator.richtext.jar;C:\Program Files (x86)\JavaFX\javafx-sdk1.2\lib\desktop\jmc.jar;C:\Program Files (x86)\JavaFX\javafx-sdk1.2\lib\desktop\eula.jar;C:\Program Files (x86)\JavaFX\javafx-sdk1.2\lib\desktop\jogl.jar;C:\Program Files (x86)\JavaFX\javafx-sdk1.2\lib\desktop\rt15.jar;C:\Program Files (x86)\JavaFX\javafx-sdk1.2\lib\desktop\websvc.jar;C:\Program Files (x86)\JavaFX\javafx-sdk1.2\lib\desktop\fxdloader.jar;C:\Program Files (x86)\JavaFX\javafx-sdk1.2\lib\desktop\javafx-io.jar;C:\Program Files (x86)\JavaFX\javafx-sdk1.2\lib\desktop\Decora-D3D.jar;C:\Program Files (x86)\JavaFX\javafx-sdk1.2\lib\desktop\Decora-OGL.jar;C:\Program Files (x86)\JavaFX\javafx-sdk1.2\lib\desktop\Decora-SSE.jar;C:\Program Files (x86)\JavaFX\javafx-sdk1.2\lib\desktop\gluegen-rt.jar;C:\Program Files (x86)\JavaFX\javafx-sdk1.2\lib\desktop\script-api.jar;C:\Program Files (x86)\JavaFX\javafx-sdk1.2\lib\desktop\javafx-anim.jar;C:\Program Files (x86)\JavaFX\javafx-sdk1.2\lib\desktop\javafx-geom.jar;C:\Program Files (x86)\JavaFX\javafx-sdk1.2\lib\desktop\javafx-common.jar;C:\Program Files (x86)\JavaFX\javafx-sdk1.2\lib\desktop\javafxrt-main.jar;C:\Program Files (x86)\JavaFX\javafx-sdk1.2\lib\desktop\decora-j2d-rsl.jar;C:\Program Files (x86)\JavaFX\javafx-sdk1.2\lib\desktop\decora-runtime.jar;C:\Program Files (x86)\JavaFX\javafx-sdk1.2\lib\desktop\javafx-sg-swing.jar;C:\Program Files (x86)\JavaFX\javafx-sdk1.2\lib\desktop\javafx-ui-swing.jar;C:\Program Files (x86)\JavaFX\javafx-sdk1.2\lib\desktop\javafx-sg-common.jar;C:\Program Files (x86)\JavaFX\javafx-sdk1.2\lib\desktop\javafx-ui-charts.jar;C:\Program Files (x86)\JavaFX\javafx-sdk1.2\lib\desktop\javafx-ui-common.jar;C:\Program Files (x86)\JavaFX\javafx-sdk1.2\lib\desktop\javafx-ui-desktop.jar;C:\Program Files (x86)\JavaFX\javafx-sdk1.2\lib\desktop\javafx-ui-controls.jar
Launcher Type: SUN_STANDARD

[Global flags]
     intx CICompilerCount                          = 3                                         {product} {ergonomic}
     uint ConcGCThreads                            = 1                                         {product} {ergonomic}
     bool FlightRecorder                           = true                                      {product} {management}
     uint G1ConcRefinementThreads                  = 4                                         {product} {ergonomic}
   size_t G1HeapRegionSize                         = 2097152                                   {product} {ergonomic}
   size_t InitialHeapSize                          = 199229440                                 {product} {ergonomic}
   size_t MarkStackSize                            = 4194304                                   {product} {ergonomic}
   size_t MarkStackSizeMax                         = 536870912                                 {product} {ergonomic}
   size_t MaxHeapSize                              = 3170893824                                {product} {ergonomic}
   size_t MaxNewSize                               = 1902116864                                {product} {ergonomic}
   size_t MinHeapDeltaBytes                        = 2097152                                   {product} {ergonomic}
   size_t MinHeapSize                              = 8388608                                   {product} {ergonomic}
    uintx NonNMethodCodeHeapSize                   = 5832704                                {pd product} {ergonomic}
    uintx NonProfiledCodeHeapSize                  = 122945536                              {pd product} {ergonomic}
    uintx ProfiledCodeHeapSize                     = 122880000                              {pd product} {ergonomic}
    uintx ReservedCodeCacheSize                    = 251658240                              {pd product} {ergonomic}
     bool SegmentedCodeCache                       = true                                      {product} {ergonomic}
   size_t SoftMaxHeapSize                          = 3170893824                             {manageable} {ergonomic}
     bool UseCompressedOops                        = true                           {product lp64_product} {ergonomic}
     bool UseG1GC                                  = true                                      {product} {ergonomic}
     bool UseLargePagesIndividualAllocation        = false                                  {pd product} {ergonomic}

Logging:
Log output configuration:
 #0: stdout all=warning uptime,level,tags foldmultilines=false
 #1: stderr all=off uptime,level,tags foldmultilines=false

Environment Variables:
PATH=C:\Program Files (x86)\JavaFX\javafx-sdk1.2\bin;C:\Program Files (x86)\JavaFX\javafx-sdk1.2\emulator\bin;C:\Program Files\Common Files\Oracle\Java\javapath;C:\Windows\system32;C:\Windows;C:\Windows\System32\Wbem;C:\Windows\System32\WindowsPowerShell\v1.0\;C:\Windows\System32\OpenSSH\;C:\Users\Erfan\AppData\Local\Microsoft\WindowsApps;;C:\Program Files\JetBrains\IntelliJ IDEA 2025.1.2\bin;
USERNAME=Erfan
OS=Windows_NT
PROCESSOR_IDENTIFIER=Intel64 Family 6 Model 158 Stepping 11, GenuineIntel
TMP=C:\Users\Erfan\AppData\Local\Temp
TEMP=C:\Users\Erfan\AppData\Local\Temp




Periodic native trim disabled

---------------  S Y S T E M  ---------------

OS:
 Windows 11 , 64 bit Build 22621 (10.0.22621.5415)
OS uptime: 0 days 0:23 hours
Hyper-V role detected

CPU: total 4 (initial active 4) (4 cores per cpu, 1 threads per core) family 6 model 158 stepping 11 microcode 0xde, cx8, cmov, fxsr, mmx, 3dnowpref, sse, sse2, sse3, ssse3, sse4.1, sse4.2, popcnt, lzcnt, tsc, tscinvbit, avx, avx2, aes, erms, clmul, bmi1, bmi2, adx, fma, vzeroupper, clflush, clflushopt, hv, rdtscp, f16c
Processor Information for the first 4 processors :
  Max Mhz: 3600, Current Mhz: 3600, Mhz Limit: 3600

Memory: 4k page, system-wide physical 12095M (4818M free)
TotalPageFile size 13951M (AvailPageFile size 6024M)
current process WorkingSet (physical memory assigned to process): 75M, peak: 75M
current process commit charge ("private bytes"): 310M, peak: 311M

vm_info: OpenJDK 64-Bit Server VM (24.0.1+9-30) for windows-amd64 JRE (24.0.1+9-30), built on 2025-03-05T07:23:45Z with MS VC++ 17.6 (VS2022)

END.
